<?xml version="1.0" encoding="UTF-8"?>
<!-- Generated by org.testng.reporters.JUnitReportReporter -->
<testsuite skipped="0" hostname="LTIN254647" name="com.Bookmyshow.Pages.MovieLanguages" tests="2" failures="0" timestamp="06 Jan 2022 13:24:09 GMT" time="7.842" errors="0">
  <testcase name="openUrl" time="3.006" classname="com.Bookmyshow.Pages.MovieLanguages"/>
  <testcase name="movie" time="4.836" classname="com.Bookmyshow.Pages.MovieLanguages"/>
</testsuite> <!-- com.Bookmyshow.Pages.MovieLanguages -->
