<?xml version="1.0" encoding="UTF-8"?>
<!-- Generated by org.testng.reporters.JUnitReportReporter -->
<testsuite skipped="0" hostname="LTIN254647" name="com.Bookmyshow.Pages.SignIn" tests="2" failures="0" timestamp="05 Jan 2022 14:59:00 GMT" time="12.802" errors="0">
  <testcase name="openUrl" time="1.788" classname="com.Bookmyshow.Pages.SignIn"/>
  <testcase name="signin" time="11.014" classname="com.Bookmyshow.Pages.SignIn"/>
</testsuite> <!-- com.Bookmyshow.Pages.SignIn -->
