<?xml version="1.0" encoding="UTF-8"?>
<!-- Generated by org.testng.reporters.JUnitReportReporter -->
<testsuite skipped="0" hostname="LTIN254647" name="com.Bookmyshow.Pages.FIndSports" tests="2" failures="0" timestamp="06 Jan 2022 13:24:09 GMT" time="17.880" errors="0">
  <testcase name="openUrl" time="4.402" classname="com.Bookmyshow.Pages.FIndSports"/>
  <testcase name="sports" time="13.478" classname="com.Bookmyshow.Pages.FIndSports"/>
</testsuite> <!-- com.Bookmyshow.Pages.FIndSports -->
