<?xml version="1.0" encoding="UTF-8"?>
<!-- Generated by org.testng.reporters.JUnitReportReporter -->
<testsuite skipped="0" hostname="LTIN254647" name="com.Bookmyshow.Pages.SignIn" tests="2" failures="0" timestamp="05 Jan 2022 09:25:52 GMT" time="10.160" errors="0">
  <testcase name="openUrl" time="1.696" classname="com.Bookmyshow.Pages.SignIn"/>
  <testcase name="signin" time="8.464" classname="com.Bookmyshow.Pages.SignIn"/>
</testsuite> <!-- com.Bookmyshow.Pages.SignIn -->
