<?xml version="1.0" encoding="UTF-8"?>
<!-- Generated by org.testng.reporters.JUnitReportReporter -->
<testsuite skipped="0" hostname="LTIN254647" name="com.Bookmyshow.Pages.MovieLanguages" tests="2" failures="0" timestamp="05 Jan 2022 14:59:00 GMT" time="6.420" errors="0">
  <testcase name="openUrl" time="1.653" classname="com.Bookmyshow.Pages.MovieLanguages"/>
  <testcase name="movie" time="4.767" classname="com.Bookmyshow.Pages.MovieLanguages"/>
</testsuite> <!-- com.Bookmyshow.Pages.MovieLanguages -->
