<?xml version="1.0" encoding="UTF-8"?>
<!-- Generated by org.testng.reporters.JUnitReportReporter -->
<testsuite skipped="0" hostname="LTIN254647" name="com.Bookmyshow.Pages.FIndSports" tests="2" failures="0" timestamp="05 Jan 2022 09:25:52 GMT" time="13.587" errors="0">
  <testcase name="openUrl" time="3.104" classname="com.Bookmyshow.Pages.FIndSports"/>
  <testcase name="sports" time="10.483" classname="com.Bookmyshow.Pages.FIndSports"/>
</testsuite> <!-- com.Bookmyshow.Pages.FIndSports -->
