<?xml version="1.0" encoding="UTF-8"?>
<!-- Generated by org.testng.reporters.JUnitReportReporter -->
<testsuite skipped="0" hostname="LTIN254647" name="com.Bookmyshow.Pages.FIndSports" tests="2" failures="0" timestamp="2022-01-04T16:16:49 IST" time="15.823" errors="0">
  <testcase name="openUrl" time="5.263" classname="com.Bookmyshow.Pages.FIndSports"/>
  <system-out/>
  <testcase name="sports" time="10.560" classname="com.Bookmyshow.Pages.FIndSports"/>
  <system-out/>
</testsuite> <!-- com.Bookmyshow.Pages.FIndSports -->
