<?xml version="1.0" encoding="UTF-8"?>
<!-- Generated by org.testng.reporters.JUnitReportReporter -->
<testsuite skipped="0" hostname="LTIN254647" name="com.Bookmyshow.Pages.MovieLanguages" tests="2" failures="0" timestamp="2022-01-04T16:16:49 IST" time="8.283" errors="0">
  <testcase name="openUrl" time="2.870" classname="com.Bookmyshow.Pages.MovieLanguages"/>
  <system-out/>
  <testcase name="movie" time="5.413" classname="com.Bookmyshow.Pages.MovieLanguages"/>
  <system-out/>
</testsuite> <!-- com.Bookmyshow.Pages.MovieLanguages -->
