<?xml version="1.0" encoding="UTF-8"?>
<!-- Generated by org.testng.reporters.JUnitReportReporter -->
<testsuite skipped="0" hostname="LTIN254647" name="com.Bookmyshow.Pages.SignIn" tests="2" failures="0" timestamp="2022-01-04T16:16:49 IST" time="13.397" errors="0">
  <testcase name="openUrl" time="2.052" classname="com.Bookmyshow.Pages.SignIn"/>
  <system-out/>
  <testcase name="signin" time="11.345" classname="com.Bookmyshow.Pages.SignIn"/>
  <system-out/>
</testsuite> <!-- com.Bookmyshow.Pages.SignIn -->
